<?xml version="1.0" encoding="UTF-8"?>
<testng-results skipped="0" failed="0" total="1" passed="1">
  <reporter-output>
  </reporter-output>
  <suite name="Surefire suite" duration-ms="7628" started-at="2016-11-08T08:26:20Z" finished-at="2016-11-08T08:26:28Z">
    <groups>
    </groups>
    <test name="Surefire test" duration-ms="7628" started-at="2016-11-08T08:26:20Z" finished-at="2016-11-08T08:26:28Z">
      <class name="com.eleks.demo.tests.FirstTest">
        <test-method status="PASS" signature="setUp(java.lang.String)[pri:0, instance:com.eleks.demo.tests.FirstTest@6aaa5eb0]" name="setUp" is-config="true" duration-ms="4746" started-at="2016-11-08T00:26:16Z" finished-at="2016-11-08T00:26:20Z">
          <params>
            <param index="0">
              <value>
                <![CDATA[firefox]]>
              </value>
            </param>
          </params>
          <reporter-output>
          </reporter-output>
        </test-method> <!-- setUp -->
        <test-method status="PASS" signature="testMethod()[pri:0, instance:com.eleks.demo.tests.FirstTest@6aaa5eb0]" name="testMethod" duration-ms="7008" started-at="2016-11-08T00:26:20Z" finished-at="2016-11-08T00:26:27Z">
          <reporter-output>
          </reporter-output>
        </test-method> <!-- testMethod -->
        <test-method status="PASS" signature="tearDown()[pri:0, instance:com.eleks.demo.tests.FirstTest@6aaa5eb0]" name="tearDown" is-config="true" duration-ms="606" started-at="2016-11-08T00:26:28Z" finished-at="2016-11-08T00:26:28Z">
          <reporter-output>
          </reporter-output>
        </test-method> <!-- tearDown -->
      </class> <!-- com.eleks.demo.tests.FirstTest -->
    </test> <!-- Surefire test -->
  </suite> <!-- Surefire suite -->
</testng-results>
